{"C:\\Users\\mixee\\Desktop\\Banco\\back-end\\src\\controllers\\user.controller.js": {"path":"C:\\Users\\mixee\\Desktop\\Banco\\back-end\\src\\controllers\\user.controller.js","statementMap":{"0":{"start":{"line":2,"column":11},"end":{"line":2,"column":39}},"1":{"start":{"line":3,"column":13},"end":{"line":3,"column":37}},"2":{"start":{"line":4,"column":10},"end":{"line":4,"column":38}},"3":{"start":{"line":6,"column":21},"end":{"line":44,"column":1}},"4":{"start":{"line":7,"column":4},"end":{"line":43,"column":5}},"5":{"start":{"line":8,"column":19},"end":{"line":8,"column":27}},"6":{"start":{"line":9,"column":28},"end":{"line":9,"column":66}},"7":{"start":{"line":11,"column":8},"end":{"line":37,"column":9}},"8":{"start":{"line":12,"column":12},"end":{"line":30,"column":13}},"9":{"start":{"line":13,"column":16},"end":{"line":24,"column":19}},"10":{"start":{"line":14,"column":20},"end":{"line":23,"column":21}},"11":{"start":{"line":15,"column":24},"end":{"line":15,"column":45}},"12":{"start":{"line":16,"column":34},"end":{"line":16,"column":57}},"13":{"start":{"line":17,"column":24},"end":{"line":22,"column":27}},"14":{"start":{"line":26,"column":16},"end":{"line":29,"column":19}},"15":{"start":{"line":33,"column":12},"end":{"line":36,"column":15}},"16":{"start":{"line":39,"column":8},"end":{"line":42,"column":11}},"17":{"start":{"line":46,"column":18},"end":{"line":105,"column":1}},"18":{"start":{"line":47,"column":4},"end":{"line":104,"column":5}},"19":{"start":{"line":48,"column":19},"end":{"line":48,"column":27}},"20":{"start":{"line":49,"column":8},"end":{"line":49,"column":26}},"21":{"start":{"line":51,"column":27},"end":{"line":59,"column":9}},"22":{"start":{"line":60,"column":8},"end":{"line":98,"column":9}},"23":{"start":{"line":61,"column":12},"end":{"line":64,"column":15}},"24":{"start":{"line":66,"column":12},"end":{"line":79,"column":13}},"25":{"start":{"line":67,"column":16},"end":{"line":70,"column":19}},"26":{"start":{"line":72,"column":16},"end":{"line":72,"column":51}},"27":{"start":{"line":73,"column":16},"end":{"line":78,"column":19}},"28":{"start":{"line":100,"column":8},"end":{"line":103,"column":11}},"29":{"start":{"line":106,"column":22},"end":{"line":134,"column":1}},"30":{"start":{"line":107,"column":4},"end":{"line":133,"column":5}},"31":{"start":{"line":108,"column":27},"end":{"line":121,"column":9}},"32":{"start":{"line":122,"column":8},"end":{"line":126,"column":11}},"33":{"start":{"line":129,"column":8},"end":{"line":132,"column":11}},"34":{"start":{"line":135,"column":0},"end":{"line":139,"column":2}}},"fnMap":{"0":{"name":"(anonymous_0)","decl":{"start":{"line":6,"column":21},"end":{"line":6,"column":22}},"loc":{"start":{"line":6,"column":46},"end":{"line":44,"column":1}},"line":6},"1":{"name":"(anonymous_1)","decl":{"start":{"line":13,"column":55},"end":{"line":13,"column":56}},"loc":{"start":{"line":13,"column":81},"end":{"line":24,"column":17}},"line":13},"2":{"name":"(anonymous_2)","decl":{"start":{"line":46,"column":18},"end":{"line":46,"column":19}},"loc":{"start":{"line":46,"column":43},"end":{"line":105,"column":1}},"line":46},"3":{"name":"(anonymous_3)","decl":{"start":{"line":106,"column":22},"end":{"line":106,"column":23}},"loc":{"start":{"line":106,"column":47},"end":{"line":134,"column":1}},"line":106}},"branchMap":{"0":{"loc":{"start":{"line":11,"column":8},"end":{"line":37,"column":9}},"type":"if","locations":[{"start":{"line":11,"column":8},"end":{"line":37,"column":9}},{"start":{"line":32,"column":15},"end":{"line":37,"column":9}}],"line":11},"1":{"loc":{"start":{"line":12,"column":12},"end":{"line":30,"column":13}},"type":"if","locations":[{"start":{"line":12,"column":12},"end":{"line":30,"column":13}},{"start":{"line":25,"column":19},"end":{"line":30,"column":13}}],"line":12},"2":{"loc":{"start":{"line":14,"column":20},"end":{"line":23,"column":21}},"type":"if","locations":[{"start":{"line":14,"column":20},"end":{"line":23,"column":21}},{"start":{},"end":{}}],"line":14},"3":{"loc":{"start":{"line":60,"column":8},"end":{"line":98,"column":9}},"type":"if","locations":[{"start":{"line":60,"column":8},"end":{"line":98,"column":9}},{"start":{"line":65,"column":15},"end":{"line":98,"column":9}}],"line":60},"4":{"loc":{"start":{"line":66,"column":12},"end":{"line":79,"column":13}},"type":"if","locations":[{"start":{"line":66,"column":12},"end":{"line":79,"column":13}},{"start":{"line":71,"column":19},"end":{"line":79,"column":13}}],"line":66}},"s":{"0":1,"1":1,"2":1,"3":1,"4":0,"5":0,"6":0,"7":0,"8":0,"9":0,"10":0,"11":0,"12":0,"13":0,"14":0,"15":0,"16":0,"17":1,"18":0,"19":0,"20":0,"21":0,"22":0,"23":0,"24":0,"25":0,"26":0,"27":0,"28":0,"29":1,"30":1,"31":1,"32":1,"33":1,"34":1},"f":{"0":0,"1":0,"2":0,"3":1},"b":{"0":[0,0],"1":[0,0],"2":[0,0],"3":[0,0],"4":[0,0]},"inputSourceMap":null,"_coverageSchema":"1a1c01bbd47fc00a2c39e90264f33305004495a9","hash":"11d2b8464646be4f74ced961f68e5d4860185333"}
,"C:\\Users\\mixee\\Desktop\\Banco\\back-end\\src\\helpers\\jwt.js": {"path":"C:\\Users\\mixee\\Desktop\\Banco\\back-end\\src\\helpers\\jwt.js","statementMap":{"0":{"start":{"line":3,"column":10},"end":{"line":3,"column":31}},"1":{"start":{"line":4,"column":13},"end":{"line":4,"column":30}},"2":{"start":{"line":5,"column":13},"end":{"line":5,"column":21}},"3":{"start":{"line":7,"column":0},"end":{"line":17,"column":1}},"4":{"start":{"line":8,"column":18},"end":{"line":15,"column":5}},"5":{"start":{"line":16,"column":4},"end":{"line":16,"column":39}}},"fnMap":{"0":{"name":"(anonymous_0)","decl":{"start":{"line":7,"column":22},"end":{"line":7,"column":23}},"loc":{"start":{"line":7,"column":37},"end":{"line":17,"column":1}},"line":7}},"branchMap":{},"s":{"0":1,"1":1,"2":1,"3":1,"4":0,"5":0},"f":{"0":0},"b":{},"inputSourceMap":null,"_coverageSchema":"1a1c01bbd47fc00a2c39e90264f33305004495a9","hash":"13b6de328f8ae8dec47fffd4080bee1826db1e51"}
,"C:\\Users\\mixee\\Desktop\\Banco\\back-end\\src\\models\\user.js": {"path":"C:\\Users\\mixee\\Desktop\\Banco\\back-end\\src\\models\\user.js","statementMap":{"0":{"start":{"line":3,"column":15},"end":{"line":3,"column":34}},"1":{"start":{"line":4,"column":13},"end":{"line":4,"column":28}},"2":{"start":{"line":6,"column":19},"end":{"line":14,"column":2}},"3":{"start":{"line":16,"column":0},"end":{"line":16,"column":52}}},"fnMap":{},"branchMap":{},"s":{"0":1,"1":1,"2":1,"3":1},"f":{},"b":{},"inputSourceMap":null,"_coverageSchema":"1a1c01bbd47fc00a2c39e90264f33305004495a9","hash":"13857cc4d6ec439eef260dc7ca4b5f7cdeba7678"}
}
